2025-05-30 12:07:02,289 - __main__ - INFO - Starting memTracker...

2025-05-30 12:07:02,289 - __main__ - INFO - Logging for total 60 seconds. Every 6 interval
2025-05-30 12:07:02,289 - __main__ - INFO - Starting data collection
2025-05-30 12:07:02,289 - parse_cgroups - INFO - Starting cgroup parsing
2025-05-30 12:07:02,290 - parse_cgroups - INFO - Log data collected at 2025-05-30T12:07:02.289848 for /sys/fs/cgroup/memory/cluster_sync
2025-05-30 12:07:02,290 - parse_cgroups - INFO - Log data collected at 2025-05-30T12:07:02.289848 for /sys/fs/cgroup/memory/cluster_health
2025-05-30 12:07:02,290 - parse_cgroups - INFO - Log data collected at 2025-05-30T12:07:02.289848 for /sys/fs/cgroup/memory/prism
2025-05-30 12:07:02,290 - parse_cgroups - INFO - Log data collected at 2025-05-30T12:07:02.289848 for /sys/fs/cgroup/memory/sys_stat_collector
2025-05-30 12:07:02,290 - parse_cgroups - INFO - Log data collected at 2025-05-30T12:07:02.289848 for /sys/fs/cgroup/memory
2025-05-30 12:07:08,295 - parse_cgroups - INFO - Log data collected at 2025-05-30T12:07:08.295060 for /sys/fs/cgroup/memory/cluster_sync
2025-05-30 12:07:08,295 - parse_cgroups - INFO - Log data collected at 2025-05-30T12:07:08.295060 for /sys/fs/cgroup/memory/cluster_health
2025-05-30 12:07:08,295 - parse_cgroups - INFO - Log data collected at 2025-05-30T12:07:08.295060 for /sys/fs/cgroup/memory/prism
2025-05-30 12:07:08,296 - parse_cgroups - INFO - Log data collected at 2025-05-30T12:07:08.295060 for /sys/fs/cgroup/memory/sys_stat_collector
2025-05-30 12:07:08,296 - parse_cgroups - INFO - Log data collected at 2025-05-30T12:07:08.295060 for /sys/fs/cgroup/memory
2025-05-30 12:07:14,295 - parse_cgroups - INFO - Log data collected at 2025-05-30T12:07:14.295055 for /sys/fs/cgroup/memory/cluster_sync
2025-05-30 12:07:14,295 - parse_cgroups - INFO - Log data collected at 2025-05-30T12:07:14.295055 for /sys/fs/cgroup/memory/cluster_health
2025-05-30 12:07:14,295 - parse_cgroups - INFO - Log data collected at 2025-05-30T12:07:14.295055 for /sys/fs/cgroup/memory/prism
2025-05-30 12:07:14,296 - parse_cgroups - INFO - Log data collected at 2025-05-30T12:07:14.295055 for /sys/fs/cgroup/memory/sys_stat_collector
2025-05-30 12:07:14,296 - parse_cgroups - INFO - Log data collected at 2025-05-30T12:07:14.295055 for /sys/fs/cgroup/memory
2025-05-30 12:07:20,296 - parse_cgroups - INFO - Log data collected at 2025-05-30T12:07:20.295877 for /sys/fs/cgroup/memory/cluster_sync
2025-05-30 12:07:20,296 - parse_cgroups - INFO - Log data collected at 2025-05-30T12:07:20.295877 for /sys/fs/cgroup/memory/cluster_health
2025-05-30 12:07:20,296 - parse_cgroups - INFO - Log data collected at 2025-05-30T12:07:20.295877 for /sys/fs/cgroup/memory/prism
2025-05-30 12:07:20,296 - parse_cgroups - INFO - Log data collected at 2025-05-30T12:07:20.295877 for /sys/fs/cgroup/memory/sys_stat_collector
2025-05-30 12:07:20,297 - parse_cgroups - INFO - Log data collected at 2025-05-30T12:07:20.295877 for /sys/fs/cgroup/memory
2025-05-30 12:07:26,290 - parse_cgroups - INFO - Log data collected at 2025-05-30T12:07:26.289921 for /sys/fs/cgroup/memory/cluster_sync
2025-05-30 12:07:26,290 - parse_cgroups - INFO - Log data collected at 2025-05-30T12:07:26.289921 for /sys/fs/cgroup/memory/cluster_health
2025-05-30 12:07:26,290 - parse_cgroups - INFO - Log data collected at 2025-05-30T12:07:26.289921 for /sys/fs/cgroup/memory/prism
2025-05-30 12:07:26,291 - parse_cgroups - INFO - Log data collected at 2025-05-30T12:07:26.289921 for /sys/fs/cgroup/memory/sys_stat_collector
2025-05-30 12:07:26,291 - parse_cgroups - INFO - Log data collected at 2025-05-30T12:07:26.289921 for /sys/fs/cgroup/memory
2025-05-30 12:07:32,294 - parse_cgroups - INFO - Log data collected at 2025-05-30T12:07:32.294064 for /sys/fs/cgroup/memory/cluster_sync
2025-05-30 12:07:32,294 - parse_cgroups - INFO - Log data collected at 2025-05-30T12:07:32.294064 for /sys/fs/cgroup/memory/cluster_health
2025-05-30 12:07:32,294 - parse_cgroups - INFO - Log data collected at 2025-05-30T12:07:32.294064 for /sys/fs/cgroup/memory/prism
2025-05-30 12:07:32,295 - parse_cgroups - INFO - Log data collected at 2025-05-30T12:07:32.294064 for /sys/fs/cgroup/memory/sys_stat_collector
2025-05-30 12:07:32,295 - parse_cgroups - INFO - Log data collected at 2025-05-30T12:07:32.294064 for /sys/fs/cgroup/memory
2025-05-30 12:07:38,295 - parse_cgroups - INFO - Log data collected at 2025-05-30T12:07:38.295052 for /sys/fs/cgroup/memory/cluster_sync
2025-05-30 12:07:38,295 - parse_cgroups - INFO - Log data collected at 2025-05-30T12:07:38.295052 for /sys/fs/cgroup/memory/cluster_health
2025-05-30 12:07:38,295 - parse_cgroups - INFO - Log data collected at 2025-05-30T12:07:38.295052 for /sys/fs/cgroup/memory/prism
2025-05-30 12:07:38,295 - parse_cgroups - INFO - Log data collected at 2025-05-30T12:07:38.295052 for /sys/fs/cgroup/memory/sys_stat_collector
2025-05-30 12:07:38,296 - parse_cgroups - INFO - Log data collected at 2025-05-30T12:07:38.295052 for /sys/fs/cgroup/memory
2025-05-30 12:07:44,295 - parse_cgroups - INFO - Log data collected at 2025-05-30T12:07:44.295381 for /sys/fs/cgroup/memory/cluster_sync
2025-05-30 12:07:44,295 - parse_cgroups - INFO - Log data collected at 2025-05-30T12:07:44.295381 for /sys/fs/cgroup/memory/cluster_health
2025-05-30 12:07:44,296 - parse_cgroups - INFO - Log data collected at 2025-05-30T12:07:44.295381 for /sys/fs/cgroup/memory/prism
2025-05-30 12:07:44,296 - parse_cgroups - INFO - Log data collected at 2025-05-30T12:07:44.295381 for /sys/fs/cgroup/memory/sys_stat_collector
2025-05-30 12:07:44,296 - parse_cgroups - INFO - Log data collected at 2025-05-30T12:07:44.295381 for /sys/fs/cgroup/memory
2025-05-30 12:07:50,295 - parse_cgroups - INFO - Log data collected at 2025-05-30T12:07:50.295050 for /sys/fs/cgroup/memory/cluster_sync
2025-05-30 12:07:50,295 - parse_cgroups - INFO - Log data collected at 2025-05-30T12:07:50.295050 for /sys/fs/cgroup/memory/cluster_health
2025-05-30 12:07:50,295 - parse_cgroups - INFO - Log data collected at 2025-05-30T12:07:50.295050 for /sys/fs/cgroup/memory/prism
2025-05-30 12:07:50,296 - parse_cgroups - INFO - Log data collected at 2025-05-30T12:07:50.295050 for /sys/fs/cgroup/memory/sys_stat_collector
2025-05-30 12:07:50,296 - parse_cgroups - INFO - Log data collected at 2025-05-30T12:07:50.295050 for /sys/fs/cgroup/memory
2025-05-30 12:07:56,295 - parse_cgroups - INFO - Log data collected at 2025-05-30T12:07:56.295061 for /sys/fs/cgroup/memory/cluster_sync
2025-05-30 12:07:56,295 - parse_cgroups - INFO - Log data collected at 2025-05-30T12:07:56.295061 for /sys/fs/cgroup/memory/cluster_health
2025-05-30 12:07:56,295 - parse_cgroups - INFO - Log data collected at 2025-05-30T12:07:56.295061 for /sys/fs/cgroup/memory/prism
2025-05-30 12:07:56,296 - parse_cgroups - INFO - Log data collected at 2025-05-30T12:07:56.295061 for /sys/fs/cgroup/memory/sys_stat_collector
2025-05-30 12:07:56,296 - parse_cgroups - INFO - Log data collected at 2025-05-30T12:07:56.295061 for /sys/fs/cgroup/memory
2025-05-30 12:08:02,293 - __main__ - INFO - Data collection completed
